Loading source file eltGraphique/ActeurActif.java...
Loading source file eltGraphique/Acteur.java...
Loading source file eltGraphique/ActeurPassif.java...
Loading source file eltGraphique/CasUtilisation.java...
Loading source file eltGraphique/ElementModelisation.java...
Loading source file eltGraphique/EltGraphique.java...
Loading source file eltGraphique/Interface.java...
Loading source file eltGraphique/Traitement.java...
Loading source file eltGraphique/classe/Attribut.java...
Loading source file eltGraphique/classe/Classe.java...
Loading source file eltGraphique/classe/Methode.java...
Loading source file eltGraphique/classe/Variable.java...
Loading source file eltGraphique/classe/Visibilite.java...
Loading source file eltGraphique/ligne/ArcCercle.java...
Loading source file eltGraphique/ligne/Cardinalite.java...
Loading source file eltGraphique/ligne/LienContinu.java...
Loading source file eltGraphique/ligne/Lien.java...
Loading source file eltGraphique/ligne/LienPointille.java...
Loading source file diagramme/DiagrammeCasUtilisation.java...
Loading source file diagramme/DiagrammeClasse.java...
Loading source file diagramme/Diagramme.java...
Loading source file diagramme/DiagrammeSequence.java...
Constructing Javadoc information...
eltGraphique/ActeurActif.java:3: package com.mxgraph.model does not exist
import com.mxgraph.model.mxCell;
                        ^
eltGraphique/ActeurActif.java:4: package com.mxgraph.view does not exist
import com.mxgraph.view.mxGraph;
                       ^
eltGraphique/Acteur.java:3: package com.mxgraph.model does not exist
import com.mxgraph.model.mxCell;
                        ^
eltGraphique/Acteur.java:4: package com.mxgraph.view does not exist
import com.mxgraph.view.mxGraph;
                       ^
eltGraphique/ElementModelisation.java:3: package com.mxgraph.view does not exist
import com.mxgraph.view.mxGraph;
                       ^
eltGraphique/EltGraphique.java:3: package com.mxgraph.model does not exist
import com.mxgraph.model.mxCell;
                        ^
eltGraphique/EltGraphique.java:4: package com.mxgraph.util does not exist
import com.mxgraph.util.mxConstants;
                       ^
eltGraphique/EltGraphique.java:5: package com.mxgraph.view does not exist
import com.mxgraph.view.mxGraph;
                       ^
eltGraphique/EltGraphique.java:6: package com.mxgraph.view does not exist
import com.mxgraph.view.mxStylesheet;
                       ^
eltGraphique/ActeurActif.java:21: cannot find symbol
symbol  : class mxGraph
location: class eltGraphique.ActeurActif
    public ActeurActif(mxGraph p_graph, String p_texte){
                       ^
eltGraphique/Acteur.java:40: cannot find symbol
symbol  : class mxGraph
location: class eltGraphique.Acteur
	public Acteur(mxGraph p_graph, String p_texte) {
	              ^
eltGraphique/Acteur.java:49: cannot find symbol
symbol  : class mxCell
location: class eltGraphique.Acteur
    public mxCell getCellule(){
           ^
eltGraphique/Acteur.java:58: cannot find symbol
symbol  : class mxCell
location: class eltGraphique.Acteur
    public void setCellule(mxCell p_cellule){
                           ^
eltGraphique/Acteur.java:67: cannot find symbol
symbol  : class mxGraph
location: class eltGraphique.Acteur
    public mxGraph getGraph(){
           ^
eltGraphique/ElementModelisation.java:45: cannot find symbol
symbol  : class mxGraph
location: class eltGraphique.ElementModelisation
	public ElementModelisation(mxGraph p_graph, String p_texte) {
	                           ^
eltGraphique/EltGraphique.java:18: cannot find symbol
symbol  : class mxCell
location: class eltGraphique.EltGraphique
    protected mxCell cellule;
              ^
eltGraphique/EltGraphique.java:19: cannot find symbol
symbol  : class mxGraph
location: class eltGraphique.EltGraphique
    protected mxGraph graph;    
              ^
eltGraphique/EltGraphique.java:76: cannot find symbol
symbol  : class mxGraph
location: class eltGraphique.EltGraphique
    public EltGraphique(mxGraph p_graph){
                        ^
eltGraphique/EltGraphique.java:100: cannot find symbol
symbol  : class mxCell
location: class eltGraphique.EltGraphique
    public mxCell getCellule(){
           ^
eltGraphique/EltGraphique.java:108: cannot find symbol
symbol  : class mxCell
location: class eltGraphique.EltGraphique
    public void setCellule(mxCell p_cellule){
                           ^
eltGraphique/EltGraphique.java:116: cannot find symbol
symbol  : class mxGraph
location: class eltGraphique.EltGraphique
    public mxGraph getGraph(){
           ^
eltGraphique/EltGraphique.java:124: cannot find symbol
symbol  : class mxGraph
location: class eltGraphique.EltGraphique
    public void setGraph(mxGraph p_graph){
                         ^
eltGraphique/ActeurPassif.java:3: package com.mxgraph.model does not exist
import com.mxgraph.model.mxCell;
                        ^
eltGraphique/ActeurPassif.java:4: package com.mxgraph.view does not exist
import com.mxgraph.view.mxGraph;
                       ^
eltGraphique/ActeurPassif.java:19: cannot find symbol
symbol  : class mxGraph
location: class eltGraphique.ActeurPassif
    public ActeurPassif(mxGraph p_graph, String p_texte) {
                        ^
eltGraphique/CasUtilisation.java:3: package com.mxgraph.model does not exist
import com.mxgraph.model.mxCell;
                        ^
eltGraphique/CasUtilisation.java:4: package com.mxgraph.view does not exist
import com.mxgraph.view.mxGraph;
                       ^
eltGraphique/CasUtilisation.java:18: cannot find symbol
symbol  : class mxGraph
location: class eltGraphique.CasUtilisation
    public CasUtilisation(mxGraph p_graph, String p_texte) {
                          ^
eltGraphique/Interface.java:3: package com.mxgraph.view does not exist
import com.mxgraph.view.mxGraph;
                       ^
eltGraphique/Interface.java:22: cannot find symbol
symbol  : class mxGraph
location: class eltGraphique.Interface
    public Interface(mxGraph p_graph, String p_texte){
                     ^
eltGraphique/Traitement.java:3: package com.mxgraph.view does not exist
import com.mxgraph.view.mxGraph;
                       ^
eltGraphique/ligne/Lien.java:3: package com.mxgraph.model does not exist
import com.mxgraph.model.mxCell;
                        ^
eltGraphique/ligne/Lien.java:4: package com.mxgraph.view does not exist
import com.mxgraph.view.mxGraph;
                       ^
eltGraphique/Traitement.java:21: cannot find symbol
symbol  : class mxGraph
location: class eltGraphique.Traitement
    public Traitement(mxGraph p_graph, String p_texte){
                      ^
eltGraphique/ligne/Lien.java:21: cannot find symbol
symbol  : class mxCell
location: class eltGraphique.ligne.Lien
    private mxCell lien;    
            ^
eltGraphique/ligne/Lien.java:23: cannot find symbol
symbol  : class mxGraph
location: class eltGraphique.ligne.Lien
    public Lien(ElementModelisation p_origine, ElementModelisation p_extremite, mxGraph p_graph){
                                                                                ^
eltGraphique/classe/Classe.java:3: package com.mxgraph.view does not exist
import com.mxgraph.view.mxGraph;
                       ^
eltGraphique/classe/Classe.java:41: cannot find symbol
symbol  : class mxGraph
location: class eltGraphique.classe.Classe
    public Classe(mxGraph p_graph, String p_texte){
                  ^
eltGraphique/ligne/ArcCercle.java:3: package com.mxgraph.view does not exist
import com.mxgraph.view.mxGraph;
                       ^
eltGraphique/ligne/ArcCercle.java:11: cannot find symbol
symbol  : class mxGraph
location: class eltGraphique.ligne.ArcCercle
    public ArcCercle(ElementModelisation p_origine, ElementModelisation p_extremite, mxGraph p_graph){
                                                                                     ^
eltGraphique/ligne/LienContinu.java:3: package com.mxgraph.model does not exist
import com.mxgraph.model.mxCell;
                        ^
eltGraphique/ligne/LienContinu.java:4: package com.mxgraph.view does not exist
import com.mxgraph.view.mxGraph;
                       ^
eltGraphique/ligne/LienContinu.java:13: cannot find symbol
symbol  : class mxGraph
location: class eltGraphique.ligne.LienContinu
    public LienContinu(ElementModelisation p_origine, ElementModelisation p_extremite, mxGraph p_graph){
                                                                                       ^
eltGraphique/ligne/LienPointille.java:3: package com.mxgraph.view does not exist
import com.mxgraph.view.mxGraph;
                       ^
eltGraphique/ligne/LienPointille.java:11: cannot find symbol
symbol  : class mxGraph
location: class eltGraphique.ligne.LienPointille
    public LienPointille(ElementModelisation p_origine, ElementModelisation p_extremite, mxGraph p_graph){
                                                                                         ^
Standard Doclet version 1.6.0_18
Building tree for all the packages and classes...
Generating ../documentation/eltGraphique/ligne//ArcCercle.html...
Generating ../documentation/eltGraphique/ligne//Cardinalite.html...
Generating ../documentation/eltGraphique/ligne//Lien.html...
Generating ../documentation/eltGraphique/ligne//LienContinu.html...
Generating ../documentation/eltGraphique/ligne//LienPointille.html...
Generating ../documentation/eltGraphique//Acteur.html...
Generating ../documentation/eltGraphique//ActeurActif.html...
Generating ../documentation/eltGraphique//ActeurPassif.html...
Generating ../documentation/eltGraphique//CasUtilisation.html...
Generating ../documentation/eltGraphique//ElementModelisation.html...
Generating ../documentation/eltGraphique//EltGraphique.html...
Generating ../documentation/eltGraphique//Interface.html...
Generating ../documentation/eltGraphique//Traitement.html...
Generating ../documentation/eltGraphique/classe//Classe.html...
Generating ../documentation/eltGraphique/classe//Methode.html...
Generating ../documentation/diagramme//Diagramme.html...
Generating ../documentation/diagramme//DiagrammeCasUtilisation.html...
Generating ../documentation/diagramme//DiagrammeClasse.html...
Generating ../documentation/diagramme//DiagrammeSequence.html...
Generating ../documentation/overview-frame.html...
Generating ../documentation/diagramme//package-frame.html...
Generating ../documentation/diagramme//package-summary.html...
Generating ../documentation/diagramme//package-tree.html...
Generating ../documentation/eltGraphique//package-frame.html...
Generating ../documentation/eltGraphique//package-summary.html...
Generating ../documentation/eltGraphique//package-tree.html...
Generating ../documentation/eltGraphique/classe//package-frame.html...
Generating ../documentation/eltGraphique/classe//package-summary.html...
Generating ../documentation/eltGraphique/classe//package-tree.html...
Generating ../documentation/eltGraphique/ligne//package-frame.html...
Generating ../documentation/eltGraphique/ligne//package-summary.html...
Generating ../documentation/eltGraphique/ligne//package-tree.html...
Generating ../documentation/constant-values.html...
Building index for all the packages and classes...
Generating ../documentation/overview-tree.html...
Generating ../documentation/index-all.html...
Generating ../documentation/deprecated-list.html...
Building index for all classes...
Generating ../documentation/allclasses-frame.html...
Generating ../documentation/allclasses-noframe.html...
Generating ../documentation/index.html...
Generating ../documentation/overview-summary.html...
Generating ../documentation/help-doc.html...
Generating ../documentation/stylesheet.css...
45 warnings
